
=== Session ended: 2026-04-27 15:27:09 ===
2026-04-27 15:12:22
⚠️ SECURITY ALERT: Potential port scan detected
Source: 194.81.203.50
Activity: 67 unique ports contacted in 5 seconds
Risk: This behavior may indicate network reconnaissance
Action: Investigate source device for unauthorized scanning tools

2026-04-27 15:12:48
⚠️ TRAFFIC ALERT: Abnormal packet rate detected
Source: 18.245.253.126
Rate: 151 packets/second (threshold: 150 pps)
Risk: May indicate bandwidth abuse, DDoS, or data exfiltration
Action: Monitor for sustained high traffic patterns

2026-04-27 15:12:52
⚠️ SECURITY ALERT: Potential port scan detected
Source: 194.81.203.50
Activity: 77 unique ports contacted in 5 seconds
Risk: This behavior may indicate network reconnaissance
Action: Investigate source device for unauthorized scanning tools

2026-04-27 15:12:54
⚠️ TRAFFIC ALERT: Abnormal packet rate detected
Source: 10.8.63.54
Rate: 151 packets/second (threshold: 150 pps)
Risk: May indicate bandwidth abuse, DDoS, or data exfiltration
Action: Monitor for sustained high traffic patterns

2026-04-27 15:13:01
⚠️ TRAFFIC ALERT: Abnormal packet rate detected
Source: 13.107.137.11
Rate: 151 packets/second (threshold: 150 pps)
Risk: May indicate bandwidth abuse, DDoS, or data exfiltration
Action: Monitor for sustained high traffic patterns

2026-04-27 15:13:15
⚠️ TRAFFIC ALERT: Abnormal packet rate detected
Source: 35.186.247.105
Rate: 151 packets/second (threshold: 150 pps)
Risk: May indicate bandwidth abuse, DDoS, or data exfiltration
Action: Monitor for sustained high traffic patterns

2026-04-27 15:13:24
⚠️ SECURITY ALERT: Potential port scan detected
Source: 194.81.203.50
Activity: 94 unique ports contacted in 5 seconds
Risk: This behavior may indicate network reconnaissance
Action: Investigate source device for unauthorized scanning tools

2026-04-27 15:13:35
⚠️ TRAFFIC ALERT: Abnormal packet rate detected
Source: 2.19.117.35
Rate: 151 packets/second (threshold: 150 pps)
Risk: May indicate bandwidth abuse, DDoS, or data exfiltration
Action: Monitor for sustained high traffic patterns

2026-04-27 15:13:35
⚠️ TRAFFIC ALERT: Abnormal packet rate detected
Source: 151.101.60.84
Rate: 151 packets/second (threshold: 150 pps)
Risk: May indicate bandwidth abuse, DDoS, or data exfiltration
Action: Monitor for sustained high traffic patterns

2026-04-27 15:13:36
⚠️ TRAFFIC ALERT: Abnormal packet rate detected
Source: 2.19.117.34
Rate: 151 packets/second (threshold: 150 pps)
Risk: May indicate bandwidth abuse, DDoS, or data exfiltration
Action: Monitor for sustained high traffic patterns

