
=== Session ended: 2026-05-01 19:36:38 ===
2026-05-01 19:35:48
⚠️ TRAFFIC ALERT: Abnormal packet rate detected
Source: 192.168.0.42
Rate: 151 packets/second (threshold: 150 pps)
Risk: May indicate bandwidth abuse, DDoS, or data exfiltration
Action: Monitor for sustained high traffic patterns

2026-05-01 19:35:49
⚠️ TRAFFIC ALERT: Abnormal packet rate detected
Source: 13.107.137.11
Rate: 151 packets/second (threshold: 150 pps)
Risk: May indicate bandwidth abuse, DDoS, or data exfiltration
Action: Monitor for sustained high traffic patterns

2026-05-01 19:36:04
⚠️ TRAFFIC ALERT: Abnormal packet rate detected
Source: 35.186.247.105
Rate: 151 packets/second (threshold: 150 pps)
Risk: May indicate bandwidth abuse, DDoS, or data exfiltration
Action: Monitor for sustained high traffic patterns

2026-05-01 19:36:19
⚠️ TRAFFIC ALERT: Abnormal packet rate detected
Source: 192.168.0.42
Rate: 151 packets/second (threshold: 150 pps)
Risk: May indicate bandwidth abuse, DDoS, or data exfiltration
Action: Monitor for sustained high traffic patterns

2026-05-01 19:36:23
⚠️ TRAFFIC ALERT: Abnormal packet rate detected
Source: 62.252.188.195
Rate: 151 packets/second (threshold: 150 pps)
Risk: May indicate bandwidth abuse, DDoS, or data exfiltration
Action: Monitor for sustained high traffic patterns

2026-05-01 19:36:24
⚠️ SECURITY ALERT: Potential port scan detected
Source: 194.168.4.123
Activity: 16 unique ports contacted in 5 seconds
Risk: This behavior may indicate network reconnaissance
Action: Investigate source device for unauthorized scanning tools

2026-05-01 19:36:30
⚠️ TRAFFIC ALERT: Abnormal packet rate detected
Source: 13.107.137.11
Rate: 151 packets/second (threshold: 150 pps)
Risk: May indicate bandwidth abuse, DDoS, or data exfiltration
Action: Monitor for sustained high traffic patterns

2026-05-01 19:36:34
⚠️ SECURITY ALERT: Potential port scan detected
Source: 192.168.0.36
Activity: 16 unique ports contacted in 5 seconds
Risk: This behavior may indicate network reconnaissance
Action: Investigate source device for unauthorized scanning tools

